#
# A fatal error has been detected by the Java Runtime Environment:
#
#  EXCEPTION_ACCESS_VIOLATION (0xc0000005) at pc=0x0000000071a84af9, pid=10468, tid=0x0000000000003ec4
#
# JRE version: Java(TM) SE Runtime Environment (8.0_201-b09) (build 1.8.0_201-b09)
# Java VM: Java HotSpot(TM) 64-Bit Server VM (25.201-b09 mixed mode windows-amd64 compressed oops)
# Problematic frame:
# C  [nvoglv64.dll+0x914af9]
#
# Failed to write core dump. Minidumps are not enabled by default on client versions of Windows
#
# If you would like to submit a bug report, please visit:
#   http://bugreport.java.com/bugreport/crash.jsp
# The crash happened outside the Java Virtual Machine in native code.
# See problematic frame for where to report the bug.
#

---------------  T H R E A D  ---------------

Current thread (0x000000000182e800):  JavaThread "main" [_thread_in_native, id=16068, stack(0x0000000003150000,0x0000000003250000)]

siginfo: ExceptionCode=0xc0000005, reading address 0x00000000000008c0

Registers:
RAX=0x0000000000000000, RBX=0x000000000182e9f8, RCX=0x0000000000000001, RDX=0x000000076c082d80
RSP=0x000000000324d818, RBP=0x0000000000000001, RSI=0x000000000324d960, RDI=0x0000000000000000
R8 =0x000000076c082d70, R9 =0x0000000000000001, R10=0x000000000000000c, R11=0x0000000073b3cd40
R12=0x0000000071a84af0, R13=0x0000000000000000, R14=0x000000076c082d80, R15=0x000000000182e800
RIP=0x0000000071a84af9, EFLAGS=0x0000000000010202

Top of Stack: (sp=0x000000000324d818)
0x000000000324d818:   0000000064517348 000000000182e9f8
0x000000000324d828:   0000000000000001 000000000324d960
0x000000000324d838:   000000000182e800 000000002b7389f8
0x000000000324d848:   0000000000000248 00000000000000bf
0x000000000324d858:   000000000324d920 0000000000000000
0x000000000324d868:   000000002b7389f8 000000000324d970
0x000000000324d878:   0000000003368c67 000000000324dd68
0x000000000324d888:   000000000324d920 0000000000000248
0x000000000324d898:   00000000000000bf 0000000000000000
0x000000000324d8a8:   0000000000000000 0000000071a84af0
0x000000000324d8b8:   000000002b7389f8 0000000000000248
0x000000000324d8c8:   000000000182e800 000000000324d9f0
0x000000000324d8d8:   0000000003368962 000000000324d8e0
0x000000000324d8e8:   000000002b7389f8 000000000324d970
0x000000000324d8f8:   000000002b831c28 0000000000000000
0x000000000324d908:   000000002b7389f8 0000000000000000 

Instructions: (pc=0x0000000071a84af9)
0x0000000071a84ad9:   af af af af af af af c3 cc cc cc cc cc cc cc cc
0x0000000071a84ae9:   cc cc cc cc cc cc cc 65 48 8b 04 25 d0 15 00 00
0x0000000071a84af9:   ff a0 c0 08 00 00 cc cc cc cc cc cc cc cc cc cc
0x0000000071a84b09:   cc cc cc cc cc cc cc cc cc cc cc cc cc cc cc cc 


Register to memory mapping:

RAX=0x0000000000000000 is an unknown value
RBX=0x000000000182e9f8 is an unknown value
RCX=0x0000000000000001 is an unknown value
RDX=0x000000076c082d80 is an oop

[error occurred during error reporting (printing register info), id 0xc0000005]

Stack: [0x0000000003150000,0x0000000003250000],  sp=0x000000000324d818,  free space=1014k
Native frames: (J=compiled Java code, j=interpreted, Vv=VM code, C=native code)
C  [nvoglv64.dll+0x914af9]

Java frames: (J=compiled Java code, j=interpreted, Vv=VM code)
j  jogamp.opengl.gl4.GL4bcImpl.dispatch_glGenTextures1(ILjava/lang/Object;IZJ)V+0
j  jogamp.opengl.gl4.GL4bcImpl.glGenTextures(ILjava/nio/IntBuffer;)V+81
j  Graphics.Texture.<init>(Lcom/jogamp/opengl/GL3;Ljava/awt/image/BufferedImage;)V+17
j  Game.Core.ContentManager.loadImage(Lcom/jogamp/opengl/GL3;Ljava/lang/String;Ljava/lang/String;II)Z+56
j  _RendererTests.TextureLoadTest.before()V+13
v  ~StubRoutines::call_stub
j  sun.reflect.NativeMethodAccessorImpl.invoke0(Ljava/lang/reflect/Method;Ljava/lang/Object;[Ljava/lang/Object;)Ljava/lang/Object;+0
j  sun.reflect.NativeMethodAccessorImpl.invoke(Ljava/lang/Object;[Ljava/lang/Object;)Ljava/lang/Object;+100
j  sun.reflect.DelegatingMethodAccessorImpl.invoke(Ljava/lang/Object;[Ljava/lang/Object;)Ljava/lang/Object;+6
j  java.lang.reflect.Method.invoke(Ljava/lang/Object;[Ljava/lang/Object;)Ljava/lang/Object;+56
j  org.junit.runners.model.FrameworkMethod$1.runReflectiveCall()Ljava/lang/Object;+15
j  org.junit.internal.runners.model.ReflectiveCallable.run()Ljava/lang/Object;+1
j  org.junit.runners.model.FrameworkMethod.invokeExplosively(Ljava/lang/Object;[Ljava/lang/Object;)Ljava/lang/Object;+10
j  org.junit.internal.runners.statements.RunBefores.evaluate()V+38
j  org.junit.runners.ParentRunner.runLeaf(Lorg/junit/runners/model/Statement;Lorg/junit/runner/Description;Lorg/junit/runner/notification/RunNotifier;)V+17
j  org.junit.runners.BlockJUnit4ClassRunner.runChild(Lorg/junit/runners/model/FrameworkMethod;Lorg/junit/runner/notification/RunNotifier;)V+30
j  org.junit.runners.BlockJUnit4ClassRunner.runChild(Ljava/lang/Object;Lorg/junit/runner/notification/RunNotifier;)V+6
j  org.junit.runners.ParentRunner$3.run()V+12
j  org.junit.runners.ParentRunner$1.schedule(Ljava/lang/Runnable;)V+1
j  org.junit.runners.ParentRunner.runChildren(Lorg/junit/runner/notification/RunNotifier;)V+44
j  org.junit.runners.ParentRunner.access$000(Lorg/junit/runners/ParentRunner;Lorg/junit/runner/notification/RunNotifier;)V+2
j  org.junit.runners.ParentRunner$2.evaluate()V+8
j  org.junit.internal.runners.statements.RunBefores.evaluate()V+49
j  org.junit.runners.ParentRunner.run(Lorg/junit/runner/notification/RunNotifier;)V+20
j  org.junit.runner.JUnitCore.run(Lorg/junit/runner/Runner;)Lorg/junit/runner/Result;+37
j  org.junit.runner.JUnitCore.run(Lorg/junit/runner/Request;)Lorg/junit/runner/Result;+5
j  org.junit.vintage.engine.execution.RunnerExecutor.execute(Lorg/junit/vintage/engine/descriptor/RunnerTestDescriptor;)V+38
j  org.junit.vintage.engine.VintageTestEngine$$Lambda$202.accept(Ljava/lang/Object;)V+8
j  java.util.stream.ForEachOps$ForEachOp$OfRef.accept(Ljava/lang/Object;)V+5
j  java.util.stream.ReferencePipeline$3$1.accept(Ljava/lang/Object;)V+17
j  java.util.Iterator.forEachRemaining(Ljava/util/function/Consumer;)V+21
j  java.util.Spliterators$IteratorSpliterator.forEachRemaining(Ljava/util/function/Consumer;)V+52
j  java.util.stream.AbstractPipeline.copyInto(Ljava/util/stream/Sink;Ljava/util/Spliterator;)V+32
j  java.util.stream.AbstractPipeline.wrapAndCopyInto(Ljava/util/stream/Sink;Ljava/util/Spliterator;)Ljava/util/stream/Sink;+13
j  java.util.stream.ForEachOps$ForEachOp.evaluateSequential(Ljava/util/stream/PipelineHelper;Ljava/util/Spliterator;)Ljava/lang/Void;+3
j  java.util.stream.ForEachOps$ForEachOp$OfRef.evaluateSequential(Ljava/util/stream/PipelineHelper;Ljava/util/Spliterator;)Ljava/lang/Object;+3
j  java.util.stream.AbstractPipeline.evaluate(Ljava/util/stream/TerminalOp;)Ljava/lang/Object;+88
j  java.util.stream.ReferencePipeline.forEach(Ljava/util/function/Consumer;)V+6
j  org.junit.vintage.engine.VintageTestEngine.executeAllChildren(Lorg/junit/vintage/engine/execution/RunnerExecutor;Lorg/junit/platform/engine/TestDescriptor;)V+39
j  org.junit.vintage.engine.VintageTestEngine.execute(Lorg/junit/platform/engine/ExecutionRequest;)V+31
j  org.junit.platform.launcher.core.DefaultLauncher.execute(Lorg/junit/platform/engine/TestEngine;Lorg/junit/platform/engine/ExecutionRequest;)V+2
j  org.junit.platform.launcher.core.DefaultLauncher.lambda$execute$6(Lorg/junit/platform/launcher/core/InternalTestPlan;Lorg/junit/platform/launcher/core/Root;Lorg/junit/platform/engine/ConfigurationParameters;Lorg/junit/platform/launcher/TestExecutionListener;)V+76
j  org.junit.platform.launcher.core.DefaultLauncher$$Lambda$167.accept(Ljava/lang/Object;)V+20
j  org.junit.platform.launcher.core.DefaultLauncher.withInterceptedStreams(Lorg/junit/platform/engine/ConfigurationParameters;Lorg/junit/platform/launcher/core/TestExecutionListenerRegistry;Ljava/util/function/Consumer;)V+43
j  org.junit.platform.launcher.core.DefaultLauncher.execute(Lorg/junit/platform/launcher/core/InternalTestPlan;[Lorg/junit/platform/launcher/TestExecutionListener;)V+33
j  org.junit.platform.launcher.core.DefaultLauncher.execute(Lorg/junit/platform/launcher/TestPlan;[Lorg/junit/platform/launcher/TestExecutionListener;)V+36
j  org.eclipse.jdt.internal.junit5.runner.JUnit5TestReference.run(Lorg/eclipse/jdt/internal/junit/runner/TestExecution;)V+30
j  org.eclipse.jdt.internal.junit.runner.TestExecution.run([Lorg/eclipse/jdt/internal/junit/runner/ITestReference;)V+17
j  org.eclipse.jdt.internal.junit.runner.RemoteTestRunner.runTests([Ljava/lang/String;Ljava/lang/String;Lorg/eclipse/jdt/internal/junit/runner/TestExecution;)V+62
j  org.eclipse.jdt.internal.junit.runner.RemoteTestRunner.runTests(Lorg/eclipse/jdt/internal/junit/runner/TestExecution;)V+10
j  org.eclipse.jdt.internal.junit.runner.RemoteTestRunner.run()V+70
j  org.eclipse.jdt.internal.junit.runner.RemoteTestRunner.main([Ljava/lang/String;)V+14
v  ~StubRoutines::call_stub

---------------  P R O C E S S  ---------------

Java Threads: ( => current thread )
  0x000000001efca000 JavaThread "main-Display-.windows_nil-1-EDT-1" daemon [_thread_blocked, id=13984, stack(0x000000002eed0000,0x000000002efd0000)]
  0x000000001f25e800 JavaThread "main-SharedResourceRunner" daemon [_thread_blocked, id=3964, stack(0x000000002ba60000,0x000000002bb60000)]
  0x000000001efc3000 JavaThread "AWT-Windows" daemon [_thread_in_native, id=5712, stack(0x0000000020b80000,0x0000000020c80000)]
  0x000000001efc1800 JavaThread "Java2D Disposer" daemon [_thread_blocked, id=11772, stack(0x0000000020980000,0x0000000020a80000)]
  0x000000001e99f000 JavaThread "ReaderThread" [_thread_in_native, id=15444, stack(0x000000001f030000,0x000000001f130000)]
  0x000000001e253000 JavaThread "Service Thread" daemon [_thread_blocked, id=7956, stack(0x000000001e630000,0x000000001e730000)]
  0x000000001c8d5000 JavaThread "C1 CompilerThread2" daemon [_thread_blocked, id=9576, stack(0x000000001e130000,0x000000001e230000)]
  0x000000001c8c5000 JavaThread "C2 CompilerThread1" daemon [_thread_blocked, id=11392, stack(0x000000001e030000,0x000000001e130000)]
  0x000000001c8bf800 JavaThread "C2 CompilerThread0" daemon [_thread_blocked, id=11900, stack(0x000000001df30000,0x000000001e030000)]
  0x000000001c8be800 JavaThread "Attach Listener" daemon [_thread_blocked, id=15700, stack(0x000000001de30000,0x000000001df30000)]
  0x000000001c8bd800 JavaThread "Signal Dispatcher" daemon [_thread_blocked, id=9056, stack(0x000000001dd30000,0x000000001de30000)]
  0x000000001c8aa800 JavaThread "Finalizer" daemon [_thread_blocked, id=2584, stack(0x000000001db30000,0x000000001dc30000)]
  0x0000000003343800 JavaThread "Reference Handler" daemon [_thread_blocked, id=12028, stack(0x000000001da30000,0x000000001db30000)]
=>0x000000000182e800 JavaThread "main" [_thread_in_native, id=16068, stack(0x0000000003150000,0x0000000003250000)]

Other Threads:
  0x000000001c888000 VMThread [stack: 0x000000001d930000,0x000000001da30000] [id=15032]
  0x000000001e283800 WatcherThread [stack: 0x000000001e730000,0x000000001e830000] [id=14808]

VM state:not at safepoint (normal execution)

VM Mutex/Monitor currently owned by a thread: None

heap address: 0x00000006c2400000, size: 4060 MB, Compressed Oops mode: Zero based, Oop shift amount: 3
Narrow klass base: 0x0000000000000000, Narrow klass shift: 3
Compressed class space size: 1073741824 Address: 0x00000007c0000000

Heap:
 PSYoungGen      total 75776K, used 20191K [0x000000076b700000, 0x0000000770b80000, 0x00000007c0000000)
  eden space 65024K, 16% used [0x000000076b700000,0x000000076c16c7f0,0x000000076f680000)
  from space 10752K, 88% used [0x000000076f680000,0x000000076ffcb448,0x0000000770100000)
  to   space 10752K, 0% used [0x0000000770100000,0x0000000770100000,0x0000000770b80000)
 ParOldGen       total 173568K, used 24K [0x00000006c2400000, 0x00000006ccd80000, 0x000000076b700000)
  object space 173568K, 0% used [0x00000006c2400000,0x00000006c2406000,0x00000006ccd80000)
 Metaspace       used 18483K, capacity 19306K, committed 19712K, reserved 1067008K
  class space    used 2019K, capacity 2203K, committed 2304K, reserved 1048576K

Card table byte_map: [0x0000000012710000,0x0000000012f00000] byte_map_base: 0x000000000f0fe000

Marking Bits: (ParMarkBitMap*) 0x0000000074134ce0
 Begin Bits: [0x0000000013850000, 0x00000000177c0000)
 End Bits:   [0x00000000177c0000, 0x000000001b730000)

Polling page: 0x00000000013f0000

CodeCache: size=245760Kb used=5160Kb max_used=5171Kb free=240599Kb
 bounds [0x0000000003350000, 0x0000000003870000, 0x0000000012350000]
 total_blobs=2247 nmethods=1429 adapters=730
 compilation: enabled

Compilation events (10 events):
Event: 2.435 Thread 0x000000001c8d5000 1425       3       com.sun.imageio.plugins.common.InputStreamAdapter::read (13 bytes)
Event: 2.435 Thread 0x000000001c8d5000 nmethod 1425 0x000000000385c850 code [0x000000000385c9c0, 0x000000000385cbe8]
Event: 2.435 Thread 0x000000001c8d5000 1426       3       com.sun.imageio.plugins.common.SubImageInputStream::read (46 bytes)
Event: 2.435 Thread 0x000000001c8d5000 nmethod 1426 0x000000000385c290 code [0x000000000385c400, 0x000000000385c728]
Event: 2.436 Thread 0x000000001c8d5000 1427       3       java.util.zip.InflaterInputStream::fill (60 bytes)
Event: 2.436 Thread 0x000000001c8d5000 nmethod 1427 0x000000000385ba10 code [0x000000000385bbc0, 0x000000000385c078]
Event: 2.436 Thread 0x000000001c8d5000 1428       3       java.io.SequenceInputStream::read (84 bytes)
Event: 2.437 Thread 0x000000001c8d5000 nmethod 1428 0x000000000385aed0 code [0x000000000385b0a0, 0x000000000385b798]
Event: 2.438 Thread 0x000000001c8c5000 nmethod 1424 0x000000000385a850 code [0x000000000385a980, 0x000000000385add8]
Event: 2.442 Thread 0x000000001c8bf800 1429 %     4       com.sun.imageio.plugins.png.PNGImageReader::decodeSubFilter @ 3 (54 bytes)

GC Heap History (2 events):
Event: 2.393 GC heap before
{Heap before GC invocations=1 (full 0):
 PSYoungGen      total 75776K, used 62106K [0x000000076b700000, 0x0000000770b80000, 0x00000007c0000000)
  eden space 65024K, 95% used [0x000000076b700000,0x000000076f3a6b50,0x000000076f680000)
  from space 10752K, 0% used [0x0000000770100000,0x0000000770100000,0x0000000770b80000)
  to   space 10752K, 0% used [0x000000076f680000,0x000000076f680000,0x0000000770100000)
 ParOldGen       total 173568K, used 0K [0x00000006c2400000, 0x00000006ccd80000, 0x000000076b700000)
  object space 173568K, 0% used [0x00000006c2400000,0x00000006c2400000,0x00000006ccd80000)
 Metaspace       used 18378K, capacity 19146K, committed 19328K, reserved 1067008K
  class space    used 2012K, capacity 2171K, committed 2176K, reserved 1048576K
Event: 2.400 GC heap after
Heap after GC invocations=1 (full 0):
 PSYoungGen      total 75776K, used 9517K [0x000000076b700000, 0x0000000770b80000, 0x00000007c0000000)
  eden space 65024K, 0% used [0x000000076b700000,0x000000076b700000,0x000000076f680000)
  from space 10752K, 88% used [0x000000076f680000,0x000000076ffcb448,0x0000000770100000)
  to   space 10752K, 0% used [0x0000000770100000,0x0000000770100000,0x0000000770b80000)
 ParOldGen       total 173568K, used 24K [0x00000006c2400000, 0x00000006ccd80000, 0x000000076b700000)
  object space 173568K, 0% used [0x00000006c2400000,0x00000006c2406000,0x00000006ccd80000)
 Metaspace       used 18378K, capacity 19146K, committed 19328K, reserved 1067008K
  class space    used 2012K, capacity 2171K, committed 2176K, reserved 1048576K
}

Deoptimization events (10 events):
Event: 0.373 Thread 0x000000000182e800 Uncommon trap: reason=class_check action=maybe_recompile pc=0x0000000003607240 method=java.util.HashMap.putVal(ILjava/lang/Object;Ljava/lang/Object;ZZ)Ljava/lang/Object; @ 253
Event: 0.374 Thread 0x000000000182e800 Uncommon trap: reason=class_check action=maybe_recompile pc=0x0000000003607240 method=java.util.HashMap.putVal(ILjava/lang/Object;Ljava/lang/Object;ZZ)Ljava/lang/Object; @ 253
Event: 0.379 Thread 0x000000000182e800 Uncommon trap: reason=class_check action=maybe_recompile pc=0x0000000003607240 method=java.util.HashMap.putVal(ILjava/lang/Object;Ljava/lang/Object;ZZ)Ljava/lang/Object; @ 253
Event: 0.432 Thread 0x000000000182e800 Uncommon trap: reason=unstable_if action=reinterpret pc=0x00000000034c85d4 method=java.math.BigInteger.addOne([IIII)I @ 55
Event: 0.496 Thread 0x000000000182e800 Uncommon trap: reason=unstable_if action=reinterpret pc=0x00000000036d48b8 method=jdk.internal.org.objectweb.asm.Type.getArgumentsAndReturnSizes(Ljava/lang/String;)I @ 88
Event: 0.509 Thread 0x000000000182e800 Uncommon trap: reason=unstable_if action=reinterpret pc=0x00000000036dafb8 method=sun.misc.MetaIndex.mayContain(Ljava/lang/String;)Z @ 38
Event: 0.562 Thread 0x000000000182e800 Uncommon trap: reason=unstable_if action=reinterpret pc=0x000000000360fc90 method=java.lang.AbstractStringBuilder.append(Ljava/lang/String;)Ljava/lang/AbstractStringBuilder; @ 1
Event: 2.163 Thread 0x000000000182e800 Uncommon trap: reason=unstable_if action=reinterpret pc=0x00000000038091f4 method=java.lang.reflect.AccessibleObject.setAccessible0(Ljava/lang/reflect/AccessibleObject;Z)V @ 4
Event: 2.185 Thread 0x000000001efca000 Uncommon trap: reason=unstable_if action=reinterpret pc=0x000000000379811c method=java.util.HashMap.putVal(ILjava/lang/Object;Ljava/lang/Object;ZZ)Ljava/lang/Object; @ 162
Event: 2.186 Thread 0x000000001efca000 Uncommon trap: reason=unstable_if action=reinterpret pc=0x0000000003634c7c method=java.util.HashMap.putVal(ILjava/lang/Object;Ljava/lang/Object;ZZ)Ljava/lang/Object; @ 162

Classes redefined (0 events):
No events

Internal exceptions (10 events):
Event: 0.400 Thread 0x000000000182e800 Exception <a 'java/lang/NoSuchMethodError': java.lang.Object.lambda$accept$0(Lorg/junit/platform/engine/TestDescriptor$Visitor;Lorg/junit/platform/engine/TestDescriptor;)V> (0x000000076c96d168) thrown at [C:\re\workspace\8-2-build-windows-amd64-cygwin\jdk
Event: 0.401 Thread 0x000000000182e800 Exception <a 'java/lang/IncompatibleClassChangeError': Found class java.lang.Object, but interface was expected> (0x000000076c97afd8) thrown at [C:\re\workspace\8-2-build-windows-amd64-cygwin\jdk8u201\12322\hotspot\src\share\vm\interpreter\linkResolver.cp
Event: 0.401 Thread 0x000000000182e800 Exception <a 'java/lang/NoSuchMethodError': java.lang.Object.containsTests(Lorg/junit/platform/engine/TestDescriptor;)Z> (0x000000076c9823d8) thrown at [C:\re\workspace\8-2-build-windows-amd64-cygwin\jdk8u201\12322\hotspot\src\share\vm\interpreter\linkRes
Event: 0.467 Thread 0x000000000182e800 Exception <a 'java/lang/NoSuchMethodError': java.lang.Object.lambda$isEqual$3(Ljava/lang/Object;Ljava/lang/Object;)Z> (0x000000076cdf6250) thrown at [C:\re\workspace\8-2-build-windows-amd64-cygwin\jdk8u201\12322\hotspot\src\share\vm\interpreter\linkResolv
Event: 0.488 Thread 0x000000000182e800 Exception <a 'java/lang/IncompatibleClassChangeError': Found class java.lang.Object, but interface was expected> (0x000000076ceb3108) thrown at [C:\re\workspace\8-2-build-windows-amd64-cygwin\jdk8u201\12322\hotspot\src\share\vm\interpreter\linkResolver.cp
Event: 0.496 Thread 0x000000000182e800 Exception <a 'java/lang/NoSuchMethodError': java.lang.Object.lambda$comparing$77a9974f$1(Ljava/util/function/Function;Ljava/lang/Object;Ljava/lang/Object;)I> (0x000000076cf32e18) thrown at [C:\re\workspace\8-2-build-windows-amd64-cygwin\jdk8u201\12322\hot
Event: 0.497 Thread 0x000000000182e800 Exception <a 'java/lang/NoSuchMethodError': java.lang.Object.lambda$thenComparing$36697e65$1(Ljava/util/Comparator;Ljava/lang/Object;Ljava/lang/Object;)I> (0x000000076cf4bad0) thrown at [C:\re\workspace\8-2-build-windows-amd64-cygwin\jdk8u201\12322\hotspo
Event: 0.562 Thread 0x000000000182e800 Implicit null exception at 0x000000000360f8d6 to 0x000000000360fc79
Event: 0.833 Thread 0x000000000182e800 Exception <a 'java/io/FileNotFoundException'> (0x000000076d727ce0) thrown at [C:\re\workspace\8-2-build-windows-amd64-cygwin\jdk8u201\12322\hotspot\src\share\vm\prims\jni.cpp, line 709]
Event: 0.862 Thread 0x000000000182e800 Exception <a 'java/io/FileNotFoundException'> (0x000000076d778018) thrown at [C:\re\workspace\8-2-build-windows-amd64-cygwin\jdk8u201\12322\hotspot\src\share\vm\prims\jni.cpp, line 709]

Events (10 events):
Event: 2.438 Thread 0x000000000182e800 DEOPT PACKING pc=0x000000000384d072 sp=0x000000000324d5a0
Event: 2.438 Thread 0x000000000182e800 DEOPT UNPACKING pc=0x0000000003397890 sp=0x000000000324d2c0 mode 0
Event: 2.438 Thread 0x000000000182e800 DEOPT PACKING pc=0x000000000384d072 sp=0x000000000324d5a0
Event: 2.438 Thread 0x000000000182e800 DEOPT UNPACKING pc=0x0000000003397890 sp=0x000000000324d2c0 mode 0
Event: 2.438 Thread 0x000000000182e800 DEOPT PACKING pc=0x000000000384d072 sp=0x000000000324d5a0
Event: 2.438 Thread 0x000000000182e800 DEOPT UNPACKING pc=0x0000000003397890 sp=0x000000000324d2c0 mode 0
Event: 2.443 loading class Graphics/Texture
Event: 2.443 loading class Graphics/Texture done
Event: 2.443 loading class java/nio/HeapIntBuffer
Event: 2.443 loading class java/nio/HeapIntBuffer done


Dynamic libraries:
0x00007ff7d9a00000 - 0x00007ff7d9a37000 	C:\Program Files\Java\jre1.8.0_201\bin\javaw.exe
0x00007ff96ea80000 - 0x00007ff96ec6d000 	C:\WINDOWS\SYSTEM32\ntdll.dll
0x00007ff96be30000 - 0x00007ff96bee3000 	C:\WINDOWS\System32\KERNEL32.DLL
0x00007ff96b940000 - 0x00007ff96bbd3000 	C:\WINDOWS\System32\KERNELBASE.dll
0x00007ff96c0d0000 - 0x00007ff96c173000 	C:\WINDOWS\System32\ADVAPI32.dll
0x00007ff96c5b0000 - 0x00007ff96c64e000 	C:\WINDOWS\System32\msvcrt.dll
0x00007ff96ddc0000 - 0x00007ff96de5e000 	C:\WINDOWS\System32\sechost.dll
0x00007ff96c290000 - 0x00007ff96c3b2000 	C:\WINDOWS\System32\RPCRT4.dll
0x00007ff96c720000 - 0x00007ff96c8b7000 	C:\WINDOWS\System32\USER32.dll
0x00007ff96b0d0000 - 0x00007ff96b0f0000 	C:\WINDOWS\System32\win32u.dll
0x00007ff96bcb0000 - 0x00007ff96bcd9000 	C:\WINDOWS\System32\GDI32.dll
0x00007ff96ab70000 - 0x00007ff96ad0a000 	C:\WINDOWS\System32\gdi32full.dll
0x00007ff96ad10000 - 0x00007ff96adb0000 	C:\WINDOWS\System32\msvcp_win.dll
0x00007ff96b840000 - 0x00007ff96b93a000 	C:\WINDOWS\System32\ucrtbase.dll
0x00007ff95f7c0000 - 0x00007ff95fa39000 	C:\WINDOWS\WinSxS\amd64_microsoft.windows.common-controls_6595b64144ccf1df_6.0.17763.379_none_05b83be8071c94a1\COMCTL32.dll
0x00007ff96e010000 - 0x00007ff96e33d000 	C:\WINDOWS\System32\combase.dll
0x00007ff96bbe0000 - 0x00007ff96bc5e000 	C:\WINDOWS\System32\bcryptPrimitives.dll
0x00007ff96bcf0000 - 0x00007ff96bd1e000 	C:\WINDOWS\System32\IMM32.DLL
0x0000000074290000 - 0x0000000074361000 	C:\Program Files\Java\jre1.8.0_201\bin\msvcr100.dll
0x0000000073910000 - 0x00000000741b4000 	C:\Program Files\Java\jre1.8.0_201\bin\server\jvm.dll
0x00007ff96c0c0000 - 0x00007ff96c0c8000 	C:\WINDOWS\System32\PSAPI.DLL
0x00007ff936a60000 - 0x00007ff936a69000 	C:\WINDOWS\SYSTEM32\WSOCK32.dll
0x00007ff9689a0000 - 0x00007ff9689c4000 	C:\WINDOWS\SYSTEM32\WINMM.dll
0x00007ff966480000 - 0x00007ff96648a000 	C:\WINDOWS\SYSTEM32\VERSION.dll
0x00007ff96c200000 - 0x00007ff96c26d000 	C:\WINDOWS\System32\WS2_32.dll
0x00007ff968970000 - 0x00007ff96899d000 	C:\WINDOWS\SYSTEM32\WINMMBASE.dll
0x00007ff96bc60000 - 0x00007ff96bcaa000 	C:\WINDOWS\System32\cfgmgr32.dll
0x00007ff9662d0000 - 0x00007ff9662df000 	C:\Program Files\Java\jre1.8.0_201\bin\verify.dll
0x00007ff95ae20000 - 0x00007ff95ae49000 	C:\Program Files\Java\jre1.8.0_201\bin\java.dll
0x00007ff95f120000 - 0x00007ff95f136000 	C:\Program Files\Java\jre1.8.0_201\bin\zip.dll
0x00007ff96c8d0000 - 0x00007ff96ddc0000 	C:\WINDOWS\System32\SHELL32.dll
0x00007ff96bd80000 - 0x00007ff96be28000 	C:\WINDOWS\System32\shcore.dll
0x00007ff96b0f0000 - 0x00007ff96b83a000 	C:\WINDOWS\System32\windows.storage.dll
0x00007ff96aac0000 - 0x00007ff96aae4000 	C:\WINDOWS\System32\profapi.dll
0x00007ff96aaf0000 - 0x00007ff96ab4d000 	C:\WINDOWS\System32\powrprof.dll
0x00007ff96bef0000 - 0x00007ff96bf42000 	C:\WINDOWS\System32\shlwapi.dll
0x00007ff96aaa0000 - 0x00007ff96aab1000 	C:\WINDOWS\System32\kernel.appcore.dll
0x00007ff96ab50000 - 0x00007ff96ab67000 	C:\WINDOWS\System32\cryptsp.dll
0x00007ff95abf0000 - 0x00007ff95ac0a000 	C:\Program Files\Java\jre1.8.0_201\bin\net.dll
0x00007ff95f250000 - 0x00007ff95f426000 	C:\WINDOWS\SYSTEM32\urlmon.dll
0x00007ff95d4b0000 - 0x00007ff95d758000 	C:\WINDOWS\SYSTEM32\iertutil.dll
0x00007ff96a4d0000 - 0x00007ff96a4dc000 	C:\WINDOWS\SYSTEM32\CRYPTBASE.DLL
0x00007ff96a300000 - 0x00007ff96a367000 	C:\WINDOWS\system32\mswsock.dll
0x00007ff969ec0000 - 0x00007ff969ef3000 	C:\WINDOWS\system32\rsaenh.dll
0x00007ff96adb0000 - 0x00007ff96add6000 	C:\WINDOWS\System32\bcrypt.dll
0x00007ff96a980000 - 0x00007ff96a9a8000 	C:\WINDOWS\SYSTEM32\USERENV.dll
0x00007ff96a060000 - 0x00007ff96a09d000 	C:\WINDOWS\SYSTEM32\IPHLPAPI.DLL
0x00007ff96bce0000 - 0x00007ff96bce8000 	C:\WINDOWS\System32\NSI.dll
0x00007ff9649e0000 - 0x00007ff9649f6000 	C:\WINDOWS\SYSTEM32\dhcpcsvc6.DLL
0x00007ff965740000 - 0x00007ff96575c000 	C:\WINDOWS\SYSTEM32\dhcpcsvc.DLL
0x00007ff96a0a0000 - 0x00007ff96a166000 	C:\WINDOWS\SYSTEM32\DNSAPI.dll
0x00007ff95abd0000 - 0x00007ff95abe1000 	C:\Program Files\Java\jre1.8.0_201\bin\nio.dll
0x00007ff968aa0000 - 0x00007ff968b2c000 	C:\WINDOWS\system32\apphelp.dll
0x00000000637c0000 - 0x00000000637cd000 	C:\Users\Valkyrie\AppData\Local\Temp\jogamp_0000\file_cache\jln5729431623646085221\jln2328152768538074105\natives\windows-amd64\gluegen-rt.dll
0x00007ff9467b0000 - 0x00007ff946949000 	C:\Program Files\Java\jre1.8.0_201\bin\awt.dll
0x00007ff96c650000 - 0x00007ff96c71b000 	C:\WINDOWS\System32\OLEAUT32.dll
0x00007ff968bd0000 - 0x00007ff968c6c000 	C:\WINDOWS\system32\uxtheme.dll
0x00007ff96c3c0000 - 0x00007ff96c52a000 	C:\WINDOWS\System32\MSCTF.dll
0x00007ff969130000 - 0x00007ff96915e000 	C:\WINDOWS\system32\dwmapi.dll
0x00007ff96ade0000 - 0x00007ff96afbb000 	C:\WINDOWS\System32\CRYPT32.dll
0x00007ff96aa80000 - 0x00007ff96aa92000 	C:\WINDOWS\System32\MSASN1.dll
0x00007ff96e340000 - 0x00007ff96e495000 	C:\WINDOWS\System32\ole32.dll
0x00007ff968290000 - 0x00007ff968297000 	C:\Program Files\Java\jre1.8.0_201\bin\jawt.dll
0x000000006a440000 - 0x000000006a44d000 	C:\Users\Valkyrie\AppData\Local\Temp\jogamp_0000\file_cache\jln5729431623646085221\jln2328152768538074105\natives\windows-amd64\nativewindow_awt.dll
0x00007ff94c1e0000 - 0x00007ff94c307000 	C:\WINDOWS\system32\opengl32.dll
0x00007ff94c7c0000 - 0x00007ff94c7ec000 	C:\WINDOWS\SYSTEM32\GLU32.dll
0x00007ff945330000 - 0x00007ff9454ce000 	C:\WINDOWS\system32\d3d9.dll
0x00007ff9648f0000 - 0x00007ff9649de000 	C:\WINDOWS\System32\DriverStore\FileRepository\nvmdci.inf_amd64_5ab04b46b0c5e3fb\nvldumdx.dll
0x00007ff96afc0000 - 0x00007ff96b019000 	C:\WINDOWS\System32\WINTRUST.DLL
0x00007ff96c270000 - 0x00007ff96c28d000 	C:\WINDOWS\System32\imagehlp.dll
0x00007ff9392d0000 - 0x00007ff93a690000 	C:\WINDOWS\System32\DriverStore\FileRepository\nvmdci.inf_amd64_5ab04b46b0c5e3fb\nvd3dumx.dll
0x000000006c100000 - 0x000000006c10f000 	C:\Users\Valkyrie\AppData\Local\Temp\jogamp_0000\file_cache\jln5729431623646085221\jln2328152768538074105\natives\windows-amd64\nativewindow_win32.dll
0x0000000064500000 - 0x00000000645b1000 	C:\Users\Valkyrie\AppData\Local\Temp\jogamp_0000\file_cache\jln5729431623646085221\jln2328152768538074105\natives\windows-amd64\jogl_desktop.dll
0x0000000064340000 - 0x00000000643a2000 	C:\Users\Valkyrie\AppData\Local\Temp\jogamp_0000\file_cache\jln5729431623646085221\jln2328152768538074105\natives\windows-amd64\jogl_mobile.dll
0x0000000071170000 - 0x0000000073830000 	C:\WINDOWS\System32\DriverStore\FileRepository\nvmdci.inf_amd64_5ab04b46b0c5e3fb\nvoglv64.dll
0x00007ff96e5d0000 - 0x00007ff96ea45000 	C:\WINDOWS\System32\SETUPAPI.dll
0x00007ff966da0000 - 0x00007ff966db3000 	C:\WINDOWS\SYSTEM32\WTSAPI32.dll
0x00007ff96a890000 - 0x00007ff96a8b9000 	C:\WINDOWS\SYSTEM32\DEVOBJ.dll
0x00007ff969b20000 - 0x00007ff969b51000 	C:\WINDOWS\SYSTEM32\ntmarta.dll
0x00007ff969b90000 - 0x00007ff969be8000 	C:\WINDOWS\SYSTEM32\WINSTA.dll
0x000000006cbc0000 - 0x000000006cbd3000 	C:\Users\Valkyrie\AppData\Local\Temp\jogamp_0000\file_cache\jln5729431623646085221\jln2328152768538074105\natives\windows-amd64\newt.dll
0x00007ff95fa40000 - 0x00007ff95faed000 	C:\WINDOWS\SYSTEM32\mscms.dll
0x00007ff95f6c0000 - 0x00007ff95f6d0000 	C:\WINDOWS\SYSTEM32\ColorAdapterClient.dll
0x00007ff958d90000 - 0x00007ff958dd3000 	C:\WINDOWS\SYSTEM32\icm32.dll
0x00007ff95c600000 - 0x00007ff95c695000 	C:\WINDOWS\System32\TextInputFramework.dll
0x00007ff965310000 - 0x00007ff965632000 	C:\WINDOWS\System32\CoreUIComponents.dll
0x00007ff968610000 - 0x00007ff9686f2000 	C:\WINDOWS\System32\CoreMessaging.dll
0x00007ff966500000 - 0x00007ff966653000 	C:\WINDOWS\SYSTEM32\wintypes.dll
0x00007ff969550000 - 0x00007ff96973d000 	C:\WINDOWS\SYSTEM32\dbghelp.dll

VM Arguments:
jvm_args: -ea -Dfile.encoding=Cp1252 
java_command: org.eclipse.jdt.internal.junit.runner.RemoteTestRunner -version 3 -port 54163 -testLoaderClass org.eclipse.jdt.internal.junit5.runner.JUnit5TestLoader -loaderpluginname org.eclipse.jdt.junit5.runtime -classNames _RendererTests.TextureLoadTest
java_class_path (initial): C:\Users\Valkyrie\git\BestGroupProject\bin;C:\Users\Valkyrie\git\BestGroupProject\dep\gluegen-rt.jar;C:\Users\Valkyrie\git\BestGroupProject\dep\jogl-all.jar;C:\Program Files\eclipse\plugins\org.junit.jupiter.api_5.4.0.v20190212-2109.jar;C:\Program Files\eclipse\plugins\org.junit.jupiter.engine_5.4.0.v20190212-2109.jar;C:\Program Files\eclipse\plugins\org.junit.jupiter.migrationsupport_5.4.0.v20190212-2109.jar;C:\Program Files\eclipse\plugins\org.junit.jupiter.params_5.4.0.v20190212-2109.jar;C:\Program Files\eclipse\plugins\org.junit.platform.commons_1.4.0.v20190212-2109.jar;C:\Program Files\eclipse\plugins\org.junit.platform.engine_1.4.0.v20190212-2109.jar;C:\Program Files\eclipse\plugins\org.junit.platform.launcher_1.4.0.v20190212-2109.jar;C:\Program Files\eclipse\plugins\org.junit.platform.runner_1.4.0.v20190212-2109.jar;C:\Program Files\eclipse\plugins\org.junit.platform.suite.api_1.4.0.v20190212-2109.jar;C:\Program Files\eclipse\plugins\org.junit.vintage.engine_5.4.0.v20190212-2109.jar;C:\Program Files\eclipse\plugins\org.opentest4j_1.1.1.v20190212-2109.jar;C:\Program Files\eclipse\plugins\org.apiguardian_1.0.0.v20190212-2109.jar;C:\Program Files\eclipse\plugins\org.junit_4.12.0.v201504281640\junit.jar;C:\Program Files\eclipse\plugins\org.hamcrest.core_1.3.0.v20180420-1519.jar;C:\Users\Valkyrie\.eclipse\org.eclipse.platform_4.11.0_1709980481_win32_win32_x86_64\configuration\org.eclipse.osgi\408\0\.cp;C:\Users\Valkyrie\.eclipse\org.eclipse.platform_4.11.0_1709980481_win32_win32_x86_64\configuration\org.eclipse.osgi\406\0\.cp
Launcher Type: SUN_STANDARD

Environment Variables:
PATH=C:/Program Files/Java/jre1.8.0_201/bin/server;C:/Program Files/Java/jre1.8.0_201/bin;C:/Program Files/Java/jre1.8.0_201/lib/amd64;C:\Program Files (x86)\Common Files\Oracle\Java\javapath;C:\Program Files (x86)\NVIDIA Corporation\PhysX\Common;C:\WINDOWS\system32;C:\WINDOWS;C:\WINDOWS\System32\Wbem;C:\WINDOWS\System32\WindowsPowerShell\v1.0\;C:\WINDOWS\System32\OpenSSH\;C:\Program Files\Microsoft VS Code\bin;C:\Program Files\Git\cmd;C:\Program Files\CMake\bin;C:\Users\Valkyrie\AppData\Local\Microsoft\WindowsApps;C:\Users\Valkyrie\AppData\Local\atom\bin;C:\Program Files\eclipse;
USERNAME=Valkyrie
OS=Windows_NT
PROCESSOR_IDENTIFIER=Intel64 Family 6 Model 60 Stepping 3, GenuineIntel



---------------  S Y S T E M  ---------------

OS: Windows 10.0 , 64 bit Build 17763 (10.0.17763.379)

CPU:total 4 (initial active 4) (4 cores per cpu, 1 threads per core) family 6 model 60 stepping 3, cmov, cx8, fxsr, mmx, sse, sse2, sse3, ssse3, sse4.1, sse4.2, popcnt, avx, avx2, aes, clmul, erms, lzcnt, tsc, tscinvbit, bmi1, bmi2

Memory: 4k page, physical 16629000k(7002280k free), swap 27639048k(4929680k free)

vm_info: Java HotSpot(TM) 64-Bit Server VM (25.201-b09) for windows-amd64 JRE (1.8.0_201-b09), built on Dec 15 2018 18:36:39 by "java_re" with MS VC++ 10.0 (VS2010)

time: Fri Apr 05 18:00:44 2019
timezone: GMT Summer Time
elapsed time: 2 seconds (0d 0h 0m 2s)

