#
# A fatal error has been detected by the Java Runtime Environment:
#
#  EXCEPTION_ACCESS_VIOLATION (0xc0000005) at pc=0x000000002aab4af9, pid=7584, tid=0x0000000000002768
#
# JRE version: Java(TM) SE Runtime Environment (8.0_201-b09) (build 1.8.0_201-b09)
# Java VM: Java HotSpot(TM) 64-Bit Server VM (25.201-b09 mixed mode windows-amd64 compressed oops)
# Problematic frame:
# C  [nvoglv64.dll+0x914af9]
#
# Failed to write core dump. Minidumps are not enabled by default on client versions of Windows
#
# If you would like to submit a bug report, please visit:
#   http://bugreport.java.com/bugreport/crash.jsp
# The crash happened outside the Java Virtual Machine in native code.
# See problematic frame for where to report the bug.
#

---------------  T H R E A D  ---------------

Current thread (0x00000000005fe800):  JavaThread "main" [_thread_in_native, id=10088, stack(0x00000000025e0000,0x00000000026e0000)]

siginfo: ExceptionCode=0xc0000005, reading address 0x00000000000008c0

Registers:
RAX=0x0000000000000000, RBX=0x00000000005fe9f8, RCX=0x0000000000000001, RDX=0x000000076e9c5228
RSP=0x00000000026de1c8, RBP=0x0000000000000001, RSI=0x00000000026de308, RDI=0x0000000000000000
R8 =0x000000076e9c5218, R9 =0x0000000000000001, R10=0x000000000000000c, R11=0x000000006474cd40
R12=0x000000002aab4af0, R13=0x0000000000000000, R14=0x000000076e9c5228, R15=0x00000000005fe800
RIP=0x000000002aab4af9, EFLAGS=0x0000000000010206

Top of Stack: (sp=0x00000000026de1c8)
0x00000000026de1c8:   0000000029e87348 00000000005fe9f8
0x00000000026de1d8:   0000000000000001 00000000026de308
0x00000000026de1e8:   00000000005fe800 0000000029a977e8
0x00000000026de1f8:   0000000000000158 000000000000009a
0x00000000026de208:   00000000026de2c8 0000000000000000
0x00000000026de218:   0000000029a977e8 00000000026de318
0x00000000026de228:   0000000002898c67 00000000026de728
0x00000000026de238:   00000000026de2c8 0000000000000158
0x00000000026de248:   000000000000009a 0000000000000000
0x00000000026de258:   0000000000000000 000000002aab4af0
0x00000000026de268:   0000000029a977e8 0000000000000158
0x00000000026de278:   00000000005fe800 0000000002898962
0x00000000026de288:   00000000026de288 0000000029a977e8
0x00000000026de298:   00000000026de318 0000000029b90028
0x00000000026de2a8:   0000000000000000 0000000029a977e8
0x00000000026de2b8:   0000000000000000 00000000026de2e8 

Instructions: (pc=0x000000002aab4af9)
0x000000002aab4ad9:   af af af af af af af c3 cc cc cc cc cc cc cc cc
0x000000002aab4ae9:   cc cc cc cc cc cc cc 65 48 8b 04 25 d0 15 00 00
0x000000002aab4af9:   ff a0 c0 08 00 00 cc cc cc cc cc cc cc cc cc cc
0x000000002aab4b09:   cc cc cc cc cc cc cc cc cc cc cc cc cc cc cc cc 


Register to memory mapping:

RAX=0x0000000000000000 is an unknown value
RBX=0x00000000005fe9f8 is an unknown value
RCX=0x0000000000000001 is an unknown value
RDX=0x000000076e9c5228 is an oop

[error occurred during error reporting (printing register info), id 0xc0000005]

Stack: [0x00000000025e0000,0x00000000026e0000],  sp=0x00000000026de1c8,  free space=1016k
Native frames: (J=compiled Java code, j=interpreted, Vv=VM code, C=native code)
C  [nvoglv64.dll+0x914af9]

Java frames: (J=compiled Java code, j=interpreted, Vv=VM code)
j  jogamp.opengl.gl4.GL4bcImpl.dispatch_glGenTextures1(ILjava/lang/Object;IZJ)V+0
j  jogamp.opengl.gl4.GL4bcImpl.glGenTextures(ILjava/nio/IntBuffer;)V+81
j  Graphics.Texture.<init>(Lcom/jogamp/opengl/GL3;Ljava/awt/image/BufferedImage;)V+17
j  Game.Core.ContentManager.loadImage(Lcom/jogamp/opengl/GL3;Ljava/lang/String;Ljava/lang/String;II)Z+56
j  _RendererTests.TextureLoadTest.beforeClass()V+51
v  ~StubRoutines::call_stub
j  sun.reflect.NativeMethodAccessorImpl.invoke0(Ljava/lang/reflect/Method;Ljava/lang/Object;[Ljava/lang/Object;)Ljava/lang/Object;+0
j  sun.reflect.NativeMethodAccessorImpl.invoke(Ljava/lang/Object;[Ljava/lang/Object;)Ljava/lang/Object;+100
j  sun.reflect.DelegatingMethodAccessorImpl.invoke(Ljava/lang/Object;[Ljava/lang/Object;)Ljava/lang/Object;+6
j  java.lang.reflect.Method.invoke(Ljava/lang/Object;[Ljava/lang/Object;)Ljava/lang/Object;+56
j  org.junit.runners.model.FrameworkMethod$1.runReflectiveCall()Ljava/lang/Object;+15
j  org.junit.internal.runners.model.ReflectiveCallable.run()Ljava/lang/Object;+1
j  org.junit.runners.model.FrameworkMethod.invokeExplosively(Ljava/lang/Object;[Ljava/lang/Object;)Ljava/lang/Object;+10
j  org.junit.internal.runners.statements.RunBefores.evaluate()V+38
j  org.junit.runners.ParentRunner.run(Lorg/junit/runner/notification/RunNotifier;)V+20
j  org.eclipse.jdt.internal.junit4.runner.JUnit4TestReference.run(Lorg/eclipse/jdt/internal/junit/runner/TestExecution;)V+72
j  org.eclipse.jdt.internal.junit.runner.TestExecution.run([Lorg/eclipse/jdt/internal/junit/runner/ITestReference;)V+17
j  org.eclipse.jdt.internal.junit.runner.RemoteTestRunner.runTests([Ljava/lang/String;Ljava/lang/String;Lorg/eclipse/jdt/internal/junit/runner/TestExecution;)V+62
j  org.eclipse.jdt.internal.junit.runner.RemoteTestRunner.runTests(Lorg/eclipse/jdt/internal/junit/runner/TestExecution;)V+10
j  org.eclipse.jdt.internal.junit.runner.RemoteTestRunner.run()V+70
j  org.eclipse.jdt.internal.junit.runner.RemoteTestRunner.main([Ljava/lang/String;)V+14
v  ~StubRoutines::call_stub

---------------  P R O C E S S  ---------------

Java Threads: ( => current thread )
  0x000000001d88e000 JavaThread "main-Display-.windows_nil-1-EDT-1" daemon [_thread_blocked, id=7964, stack(0x000000002fac0000,0x000000002fbc0000)]
  0x000000001e2a5800 JavaThread "main-SharedResourceRunner" daemon [_thread_blocked, id=8440, stack(0x0000000029f30000,0x000000002a030000)]
  0x000000001e026000 JavaThread "AWT-Windows" daemon [_thread_in_native, id=8096, stack(0x000000001eec0000,0x000000001efc0000)]
  0x000000001e0c2800 JavaThread "Java2D Disposer" daemon [_thread_blocked, id=2192, stack(0x000000001ecc0000,0x000000001edc0000)]
  0x000000001d700000 JavaThread "ReaderThread" [_thread_in_native, id=3696, stack(0x000000001dd40000,0x000000001de40000)]
  0x000000001d549000 JavaThread "Service Thread" daemon [_thread_blocked, id=3016, stack(0x000000001db40000,0x000000001dc40000)]
  0x000000001d544800 JavaThread "C1 CompilerThread2" daemon [_thread_blocked, id=3180, stack(0x000000001da40000,0x000000001db40000)]
  0x000000001d542000 JavaThread "C2 CompilerThread1" daemon [_thread_blocked, id=2912, stack(0x000000001d940000,0x000000001da40000)]
  0x000000001bdf0800 JavaThread "C2 CompilerThread0" daemon [_thread_blocked, id=3020, stack(0x000000001d440000,0x000000001d540000)]
  0x000000001bdef800 JavaThread "Attach Listener" daemon [_thread_blocked, id=7380, stack(0x000000001d340000,0x000000001d440000)]
  0x000000001bdee800 JavaThread "Signal Dispatcher" daemon [_thread_blocked, id=6900, stack(0x000000001d240000,0x000000001d340000)]
  0x000000001bdda000 JavaThread "Finalizer" daemon [_thread_blocked, id=2644, stack(0x000000001d040000,0x000000001d140000)]
  0x0000000002873800 JavaThread "Reference Handler" daemon [_thread_blocked, id=2656, stack(0x000000001cf40000,0x000000001d040000)]
=>0x00000000005fe800 JavaThread "main" [_thread_in_native, id=10088, stack(0x00000000025e0000,0x00000000026e0000)]

Other Threads:
  0x000000001bdb7800 VMThread [stack: 0x000000001ce40000,0x000000001cf40000] [id=1952]
  0x000000001d54a000 WatcherThread [stack: 0x000000001dc40000,0x000000001dd40000] [id=500]

VM state:not at safepoint (normal execution)

VM Mutex/Monitor currently owned by a thread: None

heap address: 0x00000006c2400000, size: 4060 MB, Compressed Oops mode: Zero based, Oop shift amount: 3
Narrow klass base: 0x0000000000000000, Narrow klass shift: 3
Compressed class space size: 1073741824 Address: 0x00000007c0000000

Heap:
 PSYoungGen      total 75776K, used 52610K [0x000000076b700000, 0x0000000770b80000, 0x00000007c0000000)
  eden space 65024K, 80% used [0x000000076b700000,0x000000076ea60a40,0x000000076f680000)
  from space 10752K, 0% used [0x0000000770100000,0x0000000770100000,0x0000000770b80000)
  to   space 10752K, 0% used [0x000000076f680000,0x000000076f680000,0x0000000770100000)
 ParOldGen       total 173568K, used 0K [0x00000006c2400000, 0x00000006ccd80000, 0x000000076b700000)
  object space 173568K, 0% used [0x00000006c2400000,0x00000006c2400000,0x00000006ccd80000)
 Metaspace       used 15815K, capacity 15998K, committed 16256K, reserved 1064960K
  class space    used 1606K, capacity 1664K, committed 1664K, reserved 1048576K

Card table byte_map: [0x0000000011c40000,0x0000000012430000] byte_map_base: 0x000000000e62e000

Marking Bits: (ParMarkBitMap*) 0x0000000064d44ce0
 Begin Bits: [0x0000000012d80000, 0x0000000016cf0000)
 End Bits:   [0x0000000016cf0000, 0x000000001ac60000)

Polling page: 0x00000000026e0000

CodeCache: size=245760Kb used=3700Kb max_used=3711Kb free=242059Kb
 bounds [0x0000000002880000, 0x0000000002c30000, 0x0000000011880000]
 total_blobs=1745 nmethods=950 adapters=708
 compilation: enabled

Compilation events (10 events):
Event: 2.607 Thread 0x000000001d544800 nmethod 946 0x0000000002c1e0d0 code [0x0000000002c1e240, 0x0000000002c1e468]
Event: 2.607 Thread 0x000000001d544800  947       3       com.sun.imageio.plugins.common.SubImageInputStream::read (46 bytes)
Event: 2.607 Thread 0x000000001d544800 nmethod 947 0x0000000002c1db10 code [0x0000000002c1dc80, 0x0000000002c1dfa8]
Event: 2.608 Thread 0x000000001d544800  948       3       java.util.zip.InflaterInputStream::fill (60 bytes)
Event: 2.608 Thread 0x000000001d544800 nmethod 948 0x0000000002c1d290 code [0x0000000002c1d440, 0x0000000002c1d8f8]
Event: 2.608 Thread 0x000000001d544800  949       3       java.io.SequenceInputStream::read (84 bytes)
Event: 2.609 Thread 0x000000001d544800 nmethod 949 0x0000000002c1c750 code [0x0000000002c1c920, 0x0000000002c1d018]
Event: 2.610 Thread 0x000000001bdf0800 nmethod 945 0x0000000002c1c0d0 code [0x0000000002c1c200, 0x0000000002c1c658]
Event: 2.614 Thread 0x000000001d542000  950 %     4       com.sun.imageio.plugins.png.PNGImageReader::decodeSubFilter @ 3 (54 bytes)
Event: 2.616 Thread 0x000000001d542000 nmethod 950% 0x0000000002c224d0 code [0x0000000002c22620, 0x0000000002c228b8]

GC Heap History (0 events):
No events

Deoptimization events (2 events):
Event: 0.370 Thread 0x00000000005fe800 Uncommon trap: reason=unstable_if action=reinterpret pc=0x00000000029ca35c method=java.lang.String.startsWith(Ljava/lang/String;I)Z @ 25
Event: 2.340 Thread 0x00000000005fe800 Uncommon trap: reason=unstable_if action=reinterpret pc=0x0000000002bce0f4 method=java.lang.reflect.AccessibleObject.setAccessible0(Ljava/lang/reflect/AccessibleObject;Z)V @ 4

Classes redefined (0 events):
No events

Internal exceptions (10 events):
Event: 0.053 Thread 0x00000000005fe800 Exception <a 'java/lang/NoSuchMethodError': Method sun.misc.Unsafe.defineClass(Ljava/lang/String;[BII)Ljava/lang/Class; name or signature does not match> (0x000000076b707cb0) thrown at [C:\re\workspace\8-2-build-windows-amd64-cygwin\jdk8u201\12322\hotspot
Event: 0.053 Thread 0x00000000005fe800 Exception <a 'java/lang/NoSuchMethodError': Method sun.misc.Unsafe.prefetchRead(Ljava/lang/Object;J)V name or signature does not match> (0x000000076b707f98) thrown at [C:\re\workspace\8-2-build-windows-amd64-cygwin\jdk8u201\12322\hotspot\src\share\vm\prim
Event: 0.419 Thread 0x00000000005fe800 Exception <a 'java/security/PrivilegedActionException'> (0x000000076beb2a00) thrown at [C:\re\workspace\8-2-build-windows-amd64-cygwin\jdk8u201\12322\hotspot\src\share\vm\prims\jvm.cpp, line 1502]
Event: 0.419 Thread 0x00000000005fe800 Exception <a 'java/security/PrivilegedActionException'> (0x000000076beb2df8) thrown at [C:\re\workspace\8-2-build-windows-amd64-cygwin\jdk8u201\12322\hotspot\src\share\vm\prims\jvm.cpp, line 1502]
Event: 0.420 Thread 0x00000000005fe800 Exception <a 'java/security/PrivilegedActionException'> (0x000000076beb6e38) thrown at [C:\re\workspace\8-2-build-windows-amd64-cygwin\jdk8u201\12322\hotspot\src\share\vm\prims\jvm.cpp, line 1502]
Event: 0.420 Thread 0x00000000005fe800 Exception <a 'java/security/PrivilegedActionException'> (0x000000076beb7230) thrown at [C:\re\workspace\8-2-build-windows-amd64-cygwin\jdk8u201\12322\hotspot\src\share\vm\prims\jvm.cpp, line 1502]
Event: 0.749 Thread 0x00000000005fe800 Exception <a 'java/lang/NoSuchFieldError': method resolution failed> (0x000000076c423658) thrown at [C:\re\workspace\8-2-build-windows-amd64-cygwin\jdk8u201\12322\hotspot\src\share\vm\prims\methodHandles.cpp, line 1167]
Event: 0.750 Thread 0x00000000005fe800 Exception <a 'java/lang/NoSuchFieldError': method resolution failed> (0x000000076c430d48) thrown at [C:\re\workspace\8-2-build-windows-amd64-cygwin\jdk8u201\12322\hotspot\src\share\vm\prims\methodHandles.cpp, line 1167]
Event: 0.899 Thread 0x00000000005fe800 Exception <a 'java/io/FileNotFoundException'> (0x000000076c5e40e8) thrown at [C:\re\workspace\8-2-build-windows-amd64-cygwin\jdk8u201\12322\hotspot\src\share\vm\prims\jni.cpp, line 709]
Event: 0.927 Thread 0x00000000005fe800 Exception <a 'java/io/FileNotFoundException'> (0x000000076c6231a8) thrown at [C:\re\workspace\8-2-build-windows-amd64-cygwin\jdk8u201\12322\hotspot\src\share\vm\prims\jni.cpp, line 709]

Events (10 events):
Event: 2.610 Thread 0x00000000005fe800 DEOPT PACKING pc=0x0000000002c12a32 sp=0x00000000026ddf50
Event: 2.610 Thread 0x00000000005fe800 DEOPT UNPACKING pc=0x00000000028c7890 sp=0x00000000026ddc70 mode 0
Event: 2.610 Thread 0x00000000005fe800 DEOPT PACKING pc=0x0000000002c12a32 sp=0x00000000026ddf50
Event: 2.610 Thread 0x00000000005fe800 DEOPT UNPACKING pc=0x00000000028c7890 sp=0x00000000026ddc70 mode 0
Event: 2.610 Thread 0x00000000005fe800 DEOPT PACKING pc=0x0000000002c12a32 sp=0x00000000026ddf50
Event: 2.610 Thread 0x00000000005fe800 DEOPT UNPACKING pc=0x00000000028c7890 sp=0x00000000026ddc70 mode 0
Event: 2.615 loading class Graphics/Texture
Event: 2.615 loading class Graphics/Texture done
Event: 2.620 loading class java/nio/HeapIntBuffer
Event: 2.620 loading class java/nio/HeapIntBuffer done


Dynamic libraries:
0x00007ff6d7790000 - 0x00007ff6d77c7000 	C:\Program Files\Java\jre1.8.0_201\bin\javaw.exe
0x00007ffd381b0000 - 0x00007ffd3839d000 	C:\WINDOWS\SYSTEM32\ntdll.dll
0x00007ffd35b60000 - 0x00007ffd35c13000 	C:\WINDOWS\System32\KERNEL32.DLL
0x00007ffd34cf0000 - 0x00007ffd34f83000 	C:\WINDOWS\System32\KERNELBASE.dll
0x00007ffd35910000 - 0x00007ffd359b3000 	C:\WINDOWS\System32\ADVAPI32.dll
0x00007ffd35870000 - 0x00007ffd3590e000 	C:\WINDOWS\System32\msvcrt.dll
0x00007ffd35d00000 - 0x00007ffd35d9e000 	C:\WINDOWS\System32\sechost.dll
0x00007ffd35720000 - 0x00007ffd35842000 	C:\WINDOWS\System32\RPCRT4.dll
0x00007ffd359c0000 - 0x00007ffd35b57000 	C:\WINDOWS\System32\USER32.dll
0x00007ffd351e0000 - 0x00007ffd35200000 	C:\WINDOWS\System32\win32u.dll
0x00007ffd35da0000 - 0x00007ffd35dc9000 	C:\WINDOWS\System32\GDI32.dll
0x00007ffd35040000 - 0x00007ffd351da000 	C:\WINDOWS\System32\gdi32full.dll
0x00007ffd34aa0000 - 0x00007ffd34b40000 	C:\WINDOWS\System32\msvcp_win.dll
0x00007ffd34bf0000 - 0x00007ffd34cea000 	C:\WINDOWS\System32\ucrtbase.dll
0x00007ffd27880000 - 0x00007ffd27af9000 	C:\WINDOWS\WinSxS\amd64_microsoft.windows.common-controls_6595b64144ccf1df_6.0.17763.379_none_05b83be8071c94a1\COMCTL32.dll
0x00007ffd36010000 - 0x00007ffd3633d000 	C:\WINDOWS\System32\combase.dll
0x00007ffd342b0000 - 0x00007ffd3432e000 	C:\WINDOWS\System32\bcryptPrimitives.dll
0x00007ffd35e50000 - 0x00007ffd35e7e000 	C:\WINDOWS\System32\IMM32.DLL
0x0000000064360000 - 0x0000000064431000 	C:\Program Files\Java\jre1.8.0_201\bin\msvcr100.dll
0x0000000064520000 - 0x0000000064dc4000 	C:\Program Files\Java\jre1.8.0_201\bin\server\jvm.dll
0x00007ffd35850000 - 0x00007ffd35858000 	C:\WINDOWS\System32\PSAPI.DLL
0x00007ffd321a0000 - 0x00007ffd321c4000 	C:\WINDOWS\SYSTEM32\WINMM.dll
0x00007ffd2fa50000 - 0x00007ffd2fa5a000 	C:\WINDOWS\SYSTEM32\VERSION.dll
0x00007ffd320e0000 - 0x00007ffd3210d000 	C:\WINDOWS\SYSTEM32\WINMMBASE.dll
0x00007ffd34ba0000 - 0x00007ffd34bea000 	C:\WINDOWS\System32\cfgmgr32.dll
0x00007ffd204d0000 - 0x00007ffd204d9000 	C:\WINDOWS\SYSTEM32\WSOCK32.dll
0x00007ffd35dd0000 - 0x00007ffd35e3d000 	C:\WINDOWS\System32\ws2_32.DLL
0x00007ffd32240000 - 0x00007ffd3224f000 	C:\Program Files\Java\jre1.8.0_201\bin\verify.dll
0x00007ffd2e390000 - 0x00007ffd2e3b9000 	C:\Program Files\Java\jre1.8.0_201\bin\java.dll
0x00007ffd2e270000 - 0x00007ffd2e286000 	C:\Program Files\Java\jre1.8.0_201\bin\zip.dll
0x00007ffd369a0000 - 0x00007ffd37e90000 	C:\WINDOWS\System32\SHELL32.dll
0x00007ffd368f0000 - 0x00007ffd36998000 	C:\WINDOWS\System32\shcore.dll
0x00007ffd34350000 - 0x00007ffd34a9a000 	C:\WINDOWS\System32\windows.storage.dll
0x00007ffd34230000 - 0x00007ffd34254000 	C:\WINDOWS\System32\profapi.dll
0x00007ffd341d0000 - 0x00007ffd3422d000 	C:\WINDOWS\System32\powrprof.dll
0x00007ffd37ff0000 - 0x00007ffd38042000 	C:\WINDOWS\System32\shlwapi.dll
0x00007ffd34260000 - 0x00007ffd34271000 	C:\WINDOWS\System32\kernel.appcore.dll
0x00007ffd34330000 - 0x00007ffd34347000 	C:\WINDOWS\System32\cryptsp.dll
0x00007ffd2e200000 - 0x00007ffd2e21a000 	C:\Program Files\Java\jre1.8.0_201\bin\net.dll
0x00007ffd291b0000 - 0x00007ffd29386000 	C:\WINDOWS\SYSTEM32\urlmon.dll
0x00007ffd258b0000 - 0x00007ffd25b58000 	C:\WINDOWS\SYSTEM32\iertutil.dll
0x00007ffd33c00000 - 0x00007ffd33c0c000 	C:\WINDOWS\SYSTEM32\CRYPTBASE.DLL
0x00007ffd33a30000 - 0x00007ffd33a97000 	C:\WINDOWS\system32\mswsock.dll
0x00007ffd335f0000 - 0x00007ffd33623000 	C:\WINDOWS\system32\rsaenh.dll
0x00007ffd34280000 - 0x00007ffd342a6000 	C:\WINDOWS\System32\bcrypt.dll
0x00007ffd340b0000 - 0x00007ffd340d8000 	C:\WINDOWS\SYSTEM32\USERENV.dll
0x00007ffd33790000 - 0x00007ffd337cd000 	C:\WINDOWS\SYSTEM32\IPHLPAPI.DLL
0x00007ffd35860000 - 0x00007ffd35868000 	C:\WINDOWS\System32\NSI.dll
0x00007ffd2ef10000 - 0x00007ffd2ef26000 	C:\WINDOWS\SYSTEM32\dhcpcsvc6.DLL
0x00007ffd2f7c0000 - 0x00007ffd2f7dc000 	C:\WINDOWS\SYSTEM32\dhcpcsvc.DLL
0x00007ffd337d0000 - 0x00007ffd33896000 	C:\WINDOWS\SYSTEM32\DNSAPI.dll
0x00007ffd2cc50000 - 0x00007ffd2cc61000 	C:\Program Files\Java\jre1.8.0_201\bin\nio.dll
0x00007ffd32110000 - 0x00007ffd3219c000 	C:\WINDOWS\system32\apphelp.dll
0x00000000637c0000 - 0x00000000637cd000 	C:\Users\Valkyrie\AppData\Local\Temp\jogamp_0000\file_cache\jln1208420108342218994\jln3813559073994652788\natives\windows-amd64\gluegen-rt.dll
0x00007ffd2c7b0000 - 0x00007ffd2c949000 	C:\Program Files\Java\jre1.8.0_201\bin\awt.dll
0x00007ffd35f40000 - 0x00007ffd3600b000 	C:\WINDOWS\System32\OLEAUT32.dll
0x00007ffd32530000 - 0x00007ffd325cc000 	C:\WINDOWS\system32\uxtheme.dll
0x00007ffd353e0000 - 0x00007ffd3554a000 	C:\WINDOWS\System32\MSCTF.dll
0x00007ffd32840000 - 0x00007ffd3286e000 	C:\WINDOWS\system32\dwmapi.dll
0x00007ffd35200000 - 0x00007ffd353db000 	C:\WINDOWS\System32\CRYPT32.dll
0x00007ffd341b0000 - 0x00007ffd341c2000 	C:\WINDOWS\System32\MSASN1.dll
0x00007ffd37e90000 - 0x00007ffd37fe5000 	C:\WINDOWS\System32\ole32.dll
0x00007ffd2c7a0000 - 0x00007ffd2c7a7000 	C:\Program Files\Java\jre1.8.0_201\bin\jawt.dll
0x000000006a440000 - 0x000000006a44d000 	C:\Users\Valkyrie\AppData\Local\Temp\jogamp_0000\file_cache\jln1208420108342218994\jln3813559073994652788\natives\windows-amd64\nativewindow_awt.dll
0x00007ffd17fd0000 - 0x00007ffd180f7000 	C:\WINDOWS\system32\opengl32.dll
0x00007ffd182b0000 - 0x00007ffd182dc000 	C:\WINDOWS\SYSTEM32\GLU32.dll
0x00007ffcfd3f0000 - 0x00007ffcfd58e000 	C:\WINDOWS\system32\d3d9.dll
0x00007ffd2e290000 - 0x00007ffd2e37e000 	C:\WINDOWS\System32\DriverStore\FileRepository\nvmdci.inf_amd64_5ab04b46b0c5e3fb\nvldumdx.dll
0x00007ffd34b40000 - 0x00007ffd34b99000 	C:\WINDOWS\System32\WINTRUST.DLL
0x00007ffd35550000 - 0x00007ffd3556d000 	C:\WINDOWS\System32\imagehlp.dll
0x00007ffcfc030000 - 0x00007ffcfd3f0000 	C:\WINDOWS\System32\DriverStore\FileRepository\nvmdci.inf_amd64_5ab04b46b0c5e3fb\nvd3dumx.dll
0x000000006c100000 - 0x000000006c10f000 	C:\Users\Valkyrie\AppData\Local\Temp\jogamp_0000\file_cache\jln1208420108342218994\jln3813559073994652788\natives\windows-amd64\nativewindow_win32.dll
0x0000000029e70000 - 0x0000000029f21000 	C:\Users\Valkyrie\AppData\Local\Temp\jogamp_0000\file_cache\jln1208420108342218994\jln3813559073994652788\natives\windows-amd64\jogl_desktop.dll
0x000000002a030000 - 0x000000002a092000 	C:\Users\Valkyrie\AppData\Local\Temp\jogamp_0000\file_cache\jln1208420108342218994\jln3813559073994652788\natives\windows-amd64\jogl_mobile.dll
0x000000002a1a0000 - 0x000000002c860000 	C:\WINDOWS\System32\DriverStore\FileRepository\nvmdci.inf_amd64_5ab04b46b0c5e3fb\nvoglv64.dll
0x00007ffd36340000 - 0x00007ffd367b5000 	C:\WINDOWS\System32\SETUPAPI.dll
0x00007ffd30860000 - 0x00007ffd30873000 	C:\WINDOWS\SYSTEM32\WTSAPI32.dll
0x00007ffd33fc0000 - 0x00007ffd33fe9000 	C:\WINDOWS\SYSTEM32\DEVOBJ.dll
0x00007ffd33250000 - 0x00007ffd33281000 	C:\WINDOWS\SYSTEM32\ntmarta.dll
0x00007ffd33440000 - 0x00007ffd33498000 	C:\WINDOWS\SYSTEM32\WINSTA.dll
0x000000006cbc0000 - 0x000000006cbd3000 	C:\Users\Valkyrie\AppData\Local\Temp\jogamp_0000\file_cache\jln1208420108342218994\jln3813559073994652788\natives\windows-amd64\newt.dll
0x00007ffd27b20000 - 0x00007ffd27bcd000 	C:\WINDOWS\SYSTEM32\mscms.dll
0x00007ffd27830000 - 0x00007ffd27840000 	C:\WINDOWS\SYSTEM32\ColorAdapterClient.dll
0x00007ffd085f0000 - 0x00007ffd08633000 	C:\WINDOWS\SYSTEM32\icm32.dll
0x00007ffd25dd0000 - 0x00007ffd25e65000 	C:\WINDOWS\System32\TextInputFramework.dll
0x00007ffd2efb0000 - 0x00007ffd2f2d2000 	C:\WINDOWS\System32\CoreUIComponents.dll
0x00007ffd31dd0000 - 0x00007ffd31eb2000 	C:\WINDOWS\System32\CoreMessaging.dll
0x00007ffd2fa60000 - 0x00007ffd2fbb3000 	C:\WINDOWS\SYSTEM32\wintypes.dll
0x00007ffd32c90000 - 0x00007ffd32e7d000 	C:\WINDOWS\SYSTEM32\dbghelp.dll

VM Arguments:
jvm_args: -ea -Dfile.encoding=Cp1252 
java_command: org.eclipse.jdt.internal.junit.runner.RemoteTestRunner -version 3 -port 49933 -testLoaderClass org.eclipse.jdt.internal.junit4.runner.JUnit4TestLoader -loaderpluginname org.eclipse.jdt.junit4.runtime -classNames _RendererTests.TextureLoadTest
java_class_path (initial): C:\Users\Valkyrie\git\BestGroupProject\bin;C:\Users\Valkyrie\git\BestGroupProject\dep\gluegen-rt.jar;C:\Users\Valkyrie\git\BestGroupProject\dep\jogl-all.jar;C:\Program Files\eclipse\plugins\org.junit.jupiter.api_5.4.0.v20190212-2109.jar;C:\Program Files\eclipse\plugins\org.junit.jupiter.engine_5.4.0.v20190212-2109.jar;C:\Program Files\eclipse\plugins\org.junit.jupiter.migrationsupport_5.4.0.v20190212-2109.jar;C:\Program Files\eclipse\plugins\org.junit.jupiter.params_5.4.0.v20190212-2109.jar;C:\Program Files\eclipse\plugins\org.junit.platform.commons_1.4.0.v20190212-2109.jar;C:\Program Files\eclipse\plugins\org.junit.platform.engine_1.4.0.v20190212-2109.jar;C:\Program Files\eclipse\plugins\org.junit.platform.launcher_1.4.0.v20190212-2109.jar;C:\Program Files\eclipse\plugins\org.junit.platform.runner_1.4.0.v20190212-2109.jar;C:\Program Files\eclipse\plugins\org.junit.platform.suite.api_1.4.0.v20190212-2109.jar;C:\Program Files\eclipse\plugins\org.junit.vintage.engine_5.4.0.v20190212-2109.jar;C:\Program Files\eclipse\plugins\org.opentest4j_1.1.1.v20190212-2109.jar;C:\Program Files\eclipse\plugins\org.apiguardian_1.0.0.v20190212-2109.jar;C:\Program Files\eclipse\plugins\org.junit_4.12.0.v201504281640\junit.jar;C:\Program Files\eclipse\plugins\org.hamcrest.core_1.3.0.v20180420-1519.jar;C:\Users\Valkyrie\.eclipse\org.eclipse.platform_4.11.0_1709980481_win32_win32_x86_64\configuration\org.eclipse.osgi\407\0\.cp;C:\Users\Valkyrie\.eclipse\org.eclipse.platform_4.11.0_1709980481_win32_win32_x86_64\configuration\org.eclipse.osgi\406\0\.cp
Launcher Type: SUN_STANDARD

Environment Variables:
PATH=C:/Program Files/Java/jre1.8.0_201/bin/server;C:/Program Files/Java/jre1.8.0_201/bin;C:/Program Files/Java/jre1.8.0_201/lib/amd64;C:\Program Files (x86)\Common Files\Oracle\Java\javapath;C:\Program Files (x86)\NVIDIA Corporation\PhysX\Common;C:\WINDOWS\system32;C:\WINDOWS;C:\WINDOWS\System32\Wbem;C:\WINDOWS\System32\WindowsPowerShell\v1.0\;C:\WINDOWS\System32\OpenSSH\;C:\Program Files\Microsoft VS Code\bin;C:\Program Files\Git\cmd;C:\Program Files\CMake\bin;C:\Users\Valkyrie\AppData\Local\Microsoft\WindowsApps;C:\Users\Valkyrie\AppData\Local\atom\bin;C:\Program Files\eclipse;
USERNAME=Valkyrie
OS=Windows_NT
PROCESSOR_IDENTIFIER=Intel64 Family 6 Model 60 Stepping 3, GenuineIntel



---------------  S Y S T E M  ---------------

OS: Windows 10.0 , 64 bit Build 17763 (10.0.17763.379)

CPU:total 4 (initial active 4) (4 cores per cpu, 1 threads per core) family 6 model 60 stepping 3, cmov, cx8, fxsr, mmx, sse, sse2, sse3, ssse3, sse4.1, sse4.2, popcnt, avx, avx2, aes, clmul, erms, lzcnt, tsc, tscinvbit, bmi1, bmi2

Memory: 4k page, physical 16629000k(12744500k free), swap 30260488k(23933836k free)

vm_info: Java HotSpot(TM) 64-Bit Server VM (25.201-b09) for windows-amd64 JRE (1.8.0_201-b09), built on Dec 15 2018 18:36:39 by "java_re" with MS VC++ 10.0 (VS2010)

time: Fri Apr 05 18:15:54 2019
timezone: GMT Summer Time
elapsed time: 2 seconds (0d 0h 0m 2s)

